Determining if the pthread_create exist failed with the following output:
Change Dir: /home/ted/projects/smb1/smb2_analyse-master/program/smb2/cmake-build-debug/CMakeFiles/CMakeTmp

Run Build Command:"/usr/bin/make" "cmTC_9d27b/fast"
/usr/bin/make -f CMakeFiles/cmTC_9d27b.dir/build.make CMakeFiles/cmTC_9d27b.dir/build
make[1]: Entering directory '/home/ted/projects/smb1/smb2_analyse-master/program/smb2/cmake-build-debug/CMakeFiles/CMakeTmp'
Building C object CMakeFiles/cmTC_9d27b.dir/CheckSymbolExists.c.o
/usr/bin/cc    -o CMakeFiles/cmTC_9d27b.dir/CheckSymbolExists.c.o   -c /home/ted/projects/smb1/smb2_analyse-master/program/smb2/cmake-build-debug/CMakeFiles/CMakeTmp/CheckSymbolExists.c
Linking C executable cmTC_9d27b
/home/ted/ted/clion/clion-2018.1.2/bin/cmake/bin/cmake -E cmake_link_script CMakeFiles/cmTC_9d27b.dir/link.txt --verbose=1
/usr/bin/cc      -rdynamic CMakeFiles/cmTC_9d27b.dir/CheckSymbolExists.c.o  -o cmTC_9d27b 
CMakeFiles/cmTC_9d27b.dir/CheckSymbolExists.c.o: In function `main':
CheckSymbolExists.c:(.text+0x16): undefined reference to `pthread_create'
collect2: error: ld returned 1 exit status
CMakeFiles/cmTC_9d27b.dir/build.make:97: recipe for target 'cmTC_9d27b' failed
make[1]: *** [cmTC_9d27b] Error 1
make[1]: Leaving directory '/home/ted/projects/smb1/smb2_analyse-master/program/smb2/cmake-build-debug/CMakeFiles/CMakeTmp'
Makefile:126: recipe for target 'cmTC_9d27b/fast' failed
make: *** [cmTC_9d27b/fast] Error 2

File /home/ted/projects/smb1/smb2_analyse-master/program/smb2/cmake-build-debug/CMakeFiles/CMakeTmp/CheckSymbolExists.c:
/* */
#include <pthread.h>

int main(int argc, char** argv)
{
  (void)argv;
#ifndef pthread_create
  return ((int*)(&pthread_create))[argc];
#else
  (void)argc;
  return 0;
#endif
}

Determining if the function pthread_create exists in the pthreads failed with the following output:
Change Dir: /home/ted/projects/smb1/smb2_analyse-master/program/smb2/cmake-build-debug/CMakeFiles/CMakeTmp

Run Build Command:"/usr/bin/make" "cmTC_f12bd/fast"
/usr/bin/make -f CMakeFiles/cmTC_f12bd.dir/build.make CMakeFiles/cmTC_f12bd.dir/build
make[1]: Entering directory '/home/ted/projects/smb1/smb2_analyse-master/program/smb2/cmake-build-debug/CMakeFiles/CMakeTmp'
Building C object CMakeFiles/cmTC_f12bd.dir/CheckFunctionExists.c.o
/usr/bin/cc   -DCHECK_FUNCTION_EXISTS=pthread_create   -o CMakeFiles/cmTC_f12bd.dir/CheckFunctionExists.c.o   -c /home/ted/ted/clion/clion-2018.1.2/bin/cmake/share/cmake-3.10/Modules/CheckFunctionExists.c
Linking C executable cmTC_f12bd
/home/ted/ted/clion/clion-2018.1.2/bin/cmake/bin/cmake -E cmake_link_script CMakeFiles/cmTC_f12bd.dir/link.txt --verbose=1
/usr/bin/cc  -DCHECK_FUNCTION_EXISTS=pthread_create    -rdynamic CMakeFiles/cmTC_f12bd.dir/CheckFunctionExists.c.o  -o cmTC_f12bd -lpthreads 
/usr/bin/ld: cannot find -lpthreads
collect2: error: ld returned 1 exit status
CMakeFiles/cmTC_f12bd.dir/build.make:97: recipe for target 'cmTC_f12bd' failed
make[1]: *** [cmTC_f12bd] Error 1
make[1]: Leaving directory '/home/ted/projects/smb1/smb2_analyse-master/program/smb2/cmake-build-debug/CMakeFiles/CMakeTmp'
Makefile:126: recipe for target 'cmTC_f12bd/fast' failed
make: *** [cmTC_f12bd/fast] Error 2


